#
# A fatal error has been detected by the Java Runtime Environment:
#
#  EXCEPTION_ACCESS_VIOLATION (0xc0000005) at pc=0x00007ffdf9cb1973, pid=15220, tid=10732
#
# JRE version: OpenJDK Runtime Environment Temurin-17.0.4+8 (17.0.4+8) (build 17.0.4+8)
# Java VM: OpenJDK 64-Bit Server VM Temurin-17.0.4+8 (17.0.4+8, mixed mode, sharing, tiered, compressed oops, compressed class ptrs, g1 gc, windows-amd64)
# Problematic frame:
# C  [ig9icd64.dll+0x9c1973]
#
# No core dump will be written. Minidumps are not enabled by default on client versions of Windows
#
# If you would like to submit a bug report, please visit:
#   https://github.com/adoptium/adoptium-support/issues
# The crash happened outside the Java Virtual Machine in native code.
# See problematic frame for where to report the bug.
#

---------------  S U M M A R Y ------------

Command Line: -ea -agentlib:jdwp=transport=dt_shmem,address=javadebug -Dfile.encoding=UTF-8 bluej.runtime.ExecServer UTF-8

Host: Intel(R) Core(TM) i7-8650U CPU @ 1.90GHz, 8 cores, 15G,  Windows 11 , 64 bit Build 22621 (10.0.22621.3527)
Time: Tue Jun  4 13:05:09 2024 Mitteleuropäische Sommerzeit elapsed time: 1062.559497 seconds (0d 0h 17m 42s)

---------------  T H R E A D  ---------------

Current thread (0x0000025bf4283650):  JavaThread "Java2D Queue Flusher" daemon [_thread_in_native, id=10732, stack(0x000000d542400000,0x000000d542500000)]

Stack: [0x000000d542400000,0x000000d542500000],  sp=0x000000d5424fed78,  free space=1019k
Native frames: (J=compiled Java code, j=interpreted, Vv=VM code, C=native code)
C  [ig9icd64.dll+0x9c1973]

Java frames: (J=compiled Java code, j=interpreted, Vv=VM code)
J 1110  sun.java2d.opengl.OGLRenderQueue.flushBuffer(JI)V java.desktop@17.0.4 (0 bytes) @ 0x0000025bdf657563 [0x0000025bdf657520+0x0000000000000043]
J 1389 c2 sun.java2d.opengl.OGLRenderQueue.flushBuffer()V java.desktop@17.0.4 (41 bytes) @ 0x0000025bdf66b4fc [0x0000025bdf66b4a0+0x000000000000005c]
j  sun.java2d.opengl.OGLRenderQueue$QueueFlusher.run()V+81 java.desktop@17.0.4
j  java.lang.Thread.run()V+11 java.base@17.0.4
v  ~StubRoutines::call_stub

siginfo: EXCEPTION_ACCESS_VIOLATION (0xc0000005), reading address 0xffffffffffffffff


Register to memory mapping:

RIP=0x00007ffdf9cb1973 ig9icd64.dll
RAX=0x000000000fff0fff is an unknown value
RBX=0x00007ffdf92f0000 ig9icd64.dll
RCX=0x000000033fcf3fcc is an unknown value
RDX=0x000000d5424ff290 is pointing into the stack for thread: 0x0000025bf4283650
RSP=0x000000d5424fed78 is pointing into the stack for thread: 0x0000025bf4283650
RBP=0x000000d5424fee80 is pointing into the stack for thread: 0x0000025bf4283650
RSI=0x0000025bf448ab80 points into unknown readable memory: 0x0000025bf42ae8c0 | c0 e8 2a f4 5b 02 00 00
RDI=0x000000d5424ff080 is pointing into the stack for thread: 0x0000025bf4283650
R8 =0x000000d5424feeb0 is pointing into the stack for thread: 0x0000025bf4283650
R9 =0x000000d5424ff290 is pointing into the stack for thread: 0x0000025bf4283650
R10=0x000000d5424ff080 is pointing into the stack for thread: 0x0000025bf4283650
R11=0x0 is NULL
R12=0x00007ffdfa1162f0 ig9icd64.dll
R13=0x0 is NULL
R14=0x0 is NULL
R15=0x00000000000001c1 is an unknown value


Registers:
RAX=0x000000000fff0fff, RBX=0x00007ffdf92f0000, RCX=0x000000033fcf3fcc, RDX=0x000000d5424ff290
RSP=0x000000d5424fed78, RBP=0x000000d5424fee80, RSI=0x0000025bf448ab80, RDI=0x000000d5424ff080
R8 =0x000000d5424feeb0, R9 =0x000000d5424ff290, R10=0x000000d5424ff080, R11=0x0000000000000000
R12=0x00007ffdfa1162f0, R13=0x0000000000000000, R14=0x0000000000000000, R15=0x00000000000001c1
RIP=0x00007ffdf9cb1973, EFLAGS=0x0000000000010206

Top of Stack: (sp=0x000000d5424fed78)
0x000000d5424fed78:   00007ffdf9caf0ab 0000000000000001
0x000000d5424fed88:   0000000000000000 0000025bf9da9100
0x000000d5424fed98:   00007ffe82cb2572 0000000000000065
0x000000d5424feda8:   000000d5424fefb0 0000000000000000
0x000000d5424fedb8:   0000025bf9b2c690 0000000000000000
0x000000d5424fedc8:   0000025bf9813a00 00000000c00042c0
0x000000d5424fedd8:   0000000000000000 0000025bf9da9110
0x000000d5424fede8:   0000000000000fb0 000000d5424fef60
0x000000d5424fedf8:   00007ffdf9946bb0 0000000000000000
0x000000d5424fee08:   0000000000000000 0000000000000000
0x000000d5424fee18:   0000000000000000 0000a17510c77873
0x000000d5424fee28:   00007ffdf9306145 0000f6cc333682cb
0x000000d5424fee38:   00000000fb425a06 0000000000000600
0x000000d5424fee48:   0000000000000000 0000000000000000
0x000000d5424fee58:   00007ffe9340d1aa 0000000000060003
0x000000d5424fee68:   0000000000000050 0000025bf973a870 

Instructions: (pc=0x00007ffdf9cb1973)
0x00007ffdf9cb1873:   49 a9 30 00 48 89 51 08 48 89 01 8b 44 24 28 89
0x00007ffdf9cb1883:   41 20 8b 44 24 30 89 41 24 48 8b c1 4c 89 41 10
0x00007ffdf9cb1893:   4c 89 49 18 c3 cc cc cc cc cc cc cc cc 48 89 5c
0x00007ffdf9cb18a3:   24 08 8b 41 5c 48 8d 1d 51 e7 63 ff 41 89 40 08
0x00007ffdf9cb18b3:   4c 8b d1 8b 41 60 45 33 db 41 89 40 0c 4c 8b ca
0x00007ffdf9cb18c3:   8b 41 64 41 89 40 10 8b 41 68 41 89 40 14 8b 41
0x00007ffdf9cb18d3:   6c 41 89 40 18 8b 41 70 41 89 40 1c 48 63 41 74
0x00007ffdf9cb18e3:   48 6b c8 34 8b 84 19 54 1e ee 00 41 89 40 20 8b
0x00007ffdf9cb18f3:   84 19 58 1e ee 00 41 89 40 24 8b 84 19 5c 1e ee
0x00007ffdf9cb1903:   00 41 89 40 28 8b 84 19 60 1e ee 00 41 89 40 2c
0x00007ffdf9cb1913:   8b 84 19 44 1e ee 00 41 89 40 30 8b 84 19 48 1e
0x00007ffdf9cb1923:   ee 00 41 89 40 34 8b 84 19 4c 1e ee 00 41 89 40
0x00007ffdf9cb1933:   38 8b 84 19 50 1e ee 00 41 89 40 3c 8b 84 19 34
0x00007ffdf9cb1943:   1e ee 00 41 89 40 40 8b 84 19 38 1e ee 00 41 89
0x00007ffdf9cb1953:   40 44 8b 84 19 3c 1e ee 00 41 89 40 48 8b 84 19
0x00007ffdf9cb1963:   40 1e ee 00 41 89 40 4c 49 63 42 78 48 6b c8 34
0x00007ffdf9cb1973:   8b 84 19 54 1e ee 00 41 89 40 50 8b 84 19 58 1e
0x00007ffdf9cb1983:   ee 00 41 89 40 54 8b 84 19 5c 1e ee 00 41 89 40
0x00007ffdf9cb1993:   58 8b 84 19 60 1e ee 00 41 89 40 5c 8b 84 19 44
0x00007ffdf9cb19a3:   1e ee 00 41 89 40 60 8b 84 19 48 1e ee 00 41 89
0x00007ffdf9cb19b3:   40 64 8b 84 19 4c 1e ee 00 41 89 40 68 8b 84 19
0x00007ffdf9cb19c3:   50 1e ee 00 41 89 40 6c 8b 84 19 34 1e ee 00 41
0x00007ffdf9cb19d3:   89 40 70 8b 84 19 38 1e ee 00 41 89 40 74 8b 84
0x00007ffdf9cb19e3:   19 3c 1e ee 00 41 89 40 78 8b 84 19 40 1e ee 00
0x00007ffdf9cb19f3:   41 89 40 7c 48 8b 42 18 8b 88 38 0b 00 00 f6 c1
0x00007ffdf9cb1a03:   08 0f 84 86 00 00 00 8b 80 3c 0b 00 00 41 89 80
0x00007ffdf9cb1a13:   80 00 00 00 48 8b 42 18 8b 88 40 0b 00 00 41 89
0x00007ffdf9cb1a23:   88 84 00 00 00 48 8b 42 18 8b 88 44 0b 00 00 41
0x00007ffdf9cb1a33:   89 88 88 00 00 00 48 8b 42 18 8b 88 48 0b 00 00
0x00007ffdf9cb1a43:   41 89 88 8c 00 00 00 48 8b 42 18 8b 88 4c 0b 00
0x00007ffdf9cb1a53:   00 41 89 88 90 00 00 00 48 8b 42 18 8b 88 50 0b
0x00007ffdf9cb1a63:   00 00 41 89 88 94 00 00 00 48 8b 42 18 8b 88 54 


Stack slot to memory mapping:
stack at sp + 0 slots: 0x00007ffdf9caf0ab ig9icd64.dll
stack at sp + 1 slots: 0x0000000000000001 is an unknown value
stack at sp + 2 slots: 0x0 is NULL
stack at sp + 3 slots: 0x0000025bf9da9100 points into unknown readable memory: 0x0000000000000060 | 60 00 00 00 00 00 00 00
stack at sp + 4 slots: 0x00007ffe82cb2572 igdgmm64.dll
stack at sp + 5 slots: 0x0000000000000065 is an unknown value
stack at sp + 6 slots: 0x000000d5424fefb0 is pointing into the stack for thread: 0x0000025bf4283650
stack at sp + 7 slots: 0x0 is NULL


---------------  P R O C E S S  ---------------

Threads class SMR info:
_java_thread_list=0x0000025bf9dca460, length=25, elements={
0x0000025bf3005f20, 0x0000025bf30069a0, 0x0000025bf301bf60, 0x0000025bf301c720,
0x0000025bf301edf0, 0x0000025bf3020f60, 0x0000025bf30260b0, 0x0000025bf3c08ef0,
0x0000025bf3c2d510, 0x0000025bf3d85330, 0x0000025bf3d8af30, 0x0000025bf3d9bf40,
0x0000025bf40bd830, 0x0000025bf40fb8c0, 0x0000025bf414a9c0, 0x0000025bd0042760,
0x0000025bf4283650, 0x0000025bf96b7570, 0x0000025bf96c2720, 0x0000025bf96c48d0,
0x0000025bf96c3f30, 0x0000025bf96c2250, 0x0000025bf96c4da0, 0x0000025bf96c5c10,
0x0000025bf96c2bf0
}

Java Threads: ( => current thread )
  0x0000025bf3005f20 JavaThread "Reference Handler" daemon [_thread_blocked, id=18192, stack(0x000000d541300000,0x000000d541400000)]
  0x0000025bf30069a0 JavaThread "Finalizer" daemon [_thread_blocked, id=8816, stack(0x000000d541400000,0x000000d541500000)]
  0x0000025bf301bf60 JavaThread "Signal Dispatcher" daemon [_thread_blocked, id=20864, stack(0x000000d541500000,0x000000d541600000)]
  0x0000025bf301c720 JavaThread "Attach Listener" daemon [_thread_blocked, id=6756, stack(0x000000d541600000,0x000000d541700000)]
  0x0000025bf301edf0 JavaThread "Service Thread" daemon [_thread_blocked, id=18596, stack(0x000000d541700000,0x000000d541800000)]
  0x0000025bf3020f60 JavaThread "Monitor Deflation Thread" daemon [_thread_blocked, id=16460, stack(0x000000d541800000,0x000000d541900000)]
  0x0000025bf30260b0 JavaThread "C2 CompilerThread0" daemon [_thread_blocked, id=8224, stack(0x000000d541900000,0x000000d541a00000)]
  0x0000025bf3c08ef0 JavaThread "C1 CompilerThread0" daemon [_thread_blocked, id=19056, stack(0x000000d541a00000,0x000000d541b00000)]
  0x0000025bf3c2d510 JavaThread "Sweeper thread" daemon [_thread_blocked, id=4780, stack(0x000000d541b00000,0x000000d541c00000)]
  0x0000025bf3d85330 JavaThread "JDWP Event Helper Thread" daemon [_thread_blocked, id=2840, stack(0x000000d541d00000,0x000000d541e00000)]
  0x0000025bf3d8af30 JavaThread "Notification Thread" daemon [_thread_blocked, id=13688, stack(0x000000d541f00000,0x000000d542000000)]
  0x0000025bf3d9bf40 JavaThread "Common-Cleaner" daemon [_thread_blocked, id=9876, stack(0x000000d542100000,0x000000d542200000)]
  0x0000025bf40bd830 JavaThread "Java2D Disposer" daemon [_thread_blocked, id=2708, stack(0x000000d542300000,0x000000d542400000)]
  0x0000025bf40fb8c0 JavaThread "AWT-Windows" daemon [_thread_in_native, id=20264, stack(0x000000d542500000,0x000000d542600000)]
  0x0000025bf414a9c0 JavaThread "BlueJ worker thread" [_thread_blocked, id=20224, stack(0x000000d542700000,0x000000d542800000)]
  0x0000025bd0042760 JavaThread "DestroyJavaVM" [_thread_blocked, id=9564, stack(0x000000d540c00000,0x000000d540d00000)]
=>0x0000025bf4283650 JavaThread "Java2D Queue Flusher" daemon [_thread_in_native, id=10732, stack(0x000000d542400000,0x000000d542500000)]
  0x0000025bf96b7570 JavaThread "main" [_thread_blocked, id=17624, stack(0x000000d542a00000,0x000000d542b00000)]
  0x0000025bf96c2720 JavaThread "AWT-Shutdown" [_thread_blocked, id=21092, stack(0x000000d540a00000,0x000000d540b00000)]
  0x0000025bf96c48d0 JavaThread "AWT-EventQueue-0" [_thread_blocked, id=15312, stack(0x000000d542b00000,0x000000d542c00000)]
  0x0000025bf96c3f30 JavaThread "ea.main" [_thread_blocked, id=7240, stack(0x000000d542c00000,0x000000d542d00000)]
  0x0000025bf96c2250 JavaThread "ea.rendering" [_thread_blocked, id=19136, stack(0x000000d540900000,0x000000d540a00000)]
  0x0000025bf96c4da0 JavaThread "pool-1-thread-1" [_thread_blocked, id=20816, stack(0x000000d542e00000,0x000000d542f00000)]
  0x0000025bf96c5c10 JavaThread "QuantumRenderer-0" daemon [_thread_blocked, id=10232, stack(0x000000d543200000,0x000000d543300000)]
  0x0000025bf96c2bf0 JavaThread "ToolkitShutdown" daemon [_thread_in_native, id=9420, stack(0x000000d541e00000,0x000000d541f00000)]

Other Threads:
  0x0000025bf3001790 VMThread "VM Thread" [stack: 0x000000d541200000,0x000000d541300000] [id=19336]
  0x0000025bd00ca040 WatcherThread [stack: 0x000000d542000000,0x000000d542100000] [id=20188]
  0x0000025bd00b10e0 GCTaskThread "GC Thread#0" [stack: 0x000000d540d00000,0x000000d540e00000] [id=15176]
  0x0000025bf9efbcd0 GCTaskThread "GC Thread#1" [stack: 0x000000d542f00000,0x000000d543000000] [id=20804]
  0x0000025bf9efbf80 GCTaskThread "GC Thread#2" [stack: 0x000000d543000000,0x000000d543100000] [id=1264]
  0x0000025bf9efc230 GCTaskThread "GC Thread#3" [stack: 0x000000d543100000,0x000000d543200000] [id=10828]
  0x0000025bf9efc4e0 GCTaskThread "GC Thread#4" [stack: 0x000000d543400000,0x000000d543500000] [id=6988]
  0x0000025bfacc38a0 GCTaskThread "GC Thread#5" [stack: 0x000000d543500000,0x000000d543600000] [id=20456]
  0x0000025bfacc1b10 GCTaskThread "GC Thread#6" [stack: 0x000000d543600000,0x000000d543700000] [id=18916]
  0x0000025bfacc2880 GCTaskThread "GC Thread#7" [stack: 0x000000d543700000,0x000000d543800000] [id=13236]
  0x0000025bd00c1ee0 ConcurrentGCThread "G1 Main Marker" [stack: 0x000000d540e00000,0x000000d540f00000] [id=19416]
  0x0000025bd00c28f0 ConcurrentGCThread "G1 Conc#0" [stack: 0x000000d540f00000,0x000000d541000000] [id=21404]
  0x0000025bd010e770 ConcurrentGCThread "G1 Refine#0" [stack: 0x000000d541000000,0x000000d541100000] [id=10584]
  0x0000025bf2ebf140 ConcurrentGCThread "G1 Service" [stack: 0x000000d541100000,0x000000d541200000] [id=19792]

Threads with active compile tasks:

VM state: not at safepoint (normal execution)

VM Mutex/Monitor currently owned by a thread: None

Heap address: 0x0000000701400000, size: 4076 MB, Compressed Oops mode: Zero based, Oop shift amount: 3

CDS archive(s) mapped at: [0x0000000800000000-0x0000000800bc0000-0x0000000800bc0000), size 12320768, SharedBaseAddress: 0x0000000800000000, ArchiveRelocationMode: 0.
Compressed class space mapped at: 0x0000000800c00000-0x0000000840c00000, reserved size: 1073741824
Narrow klass base: 0x0000000800000000, Narrow klass shift: 0, Narrow klass range: 0x100000000

GC Precious Log:
 CPUs: 8 total, 8 available
 Memory: 16300M
 Large Page Support: Disabled
 NUMA Support: Disabled
 Compressed Oops: Enabled (Zero based)
 Heap Region Size: 2M
 Heap Min Capacity: 8M
 Heap Initial Capacity: 256M
 Heap Max Capacity: 4076M
 Pre-touch: Disabled
 Parallel Workers: 8
 Concurrent Workers: 2
 Concurrent Refinement Workers: 8
 Periodic GC: Disabled

Heap:
 garbage-first heap   total 262144K, used 11169K [0x0000000701400000, 0x0000000800000000)
  region size 2048K, 6 young (12288K), 2 survivors (4096K)
 Metaspace       used 8845K, committed 9088K, reserved 1056768K
  class space    used 894K, committed 1024K, reserved 1048576K

Heap Regions: E=young(eden), S=young(survivor), O=old, HS=humongous(starts), HC=humongous(continues), CS=collection set, F=free, OA=open archive, CA=closed archive, TAMS=top-at-mark-start (previous, next)
|   0|0x0000000701400000, 0x00000007014e8600, 0x0000000701600000| 45%| O|  |TAMS 0x0000000701400000, 0x0000000701400000| Untracked 
|   1|0x0000000701600000, 0x0000000701600000, 0x0000000701800000|  0%| F|  |TAMS 0x0000000701600000, 0x0000000701600000| Untracked 
|   2|0x0000000701800000, 0x0000000701800000, 0x0000000701a00000|  0%| F|  |TAMS 0x0000000701800000, 0x0000000701800000| Untracked 
|   3|0x0000000701a00000, 0x0000000701a00000, 0x0000000701c00000|  0%| F|  |TAMS 0x0000000701a00000, 0x0000000701a00000| Untracked 
|   4|0x0000000701c00000, 0x0000000701c00000, 0x0000000701e00000|  0%| F|  |TAMS 0x0000000701c00000, 0x0000000701c00000| Untracked 
|   5|0x0000000701e00000, 0x0000000701e00000, 0x0000000702000000|  0%| F|  |TAMS 0x0000000701e00000, 0x0000000701e00000| Untracked 
|   6|0x0000000702000000, 0x0000000702000000, 0x0000000702200000|  0%| F|  |TAMS 0x0000000702000000, 0x0000000702000000| Untracked 
|   7|0x0000000702200000, 0x0000000702200000, 0x0000000702400000|  0%| F|  |TAMS 0x0000000702200000, 0x0000000702200000| Untracked 
|   8|0x0000000702400000, 0x0000000702400000, 0x0000000702600000|  0%| F|  |TAMS 0x0000000702400000, 0x0000000702400000| Untracked 
|   9|0x0000000702600000, 0x0000000702600000, 0x0000000702800000|  0%| F|  |TAMS 0x0000000702600000, 0x0000000702600000| Untracked 
|  10|0x0000000702800000, 0x0000000702800000, 0x0000000702a00000|  0%| F|  |TAMS 0x0000000702800000, 0x0000000702800000| Untracked 
|  11|0x0000000702a00000, 0x0000000702a00000, 0x0000000702c00000|  0%| F|  |TAMS 0x0000000702a00000, 0x0000000702a00000| Untracked 
|  12|0x0000000702c00000, 0x0000000702c00000, 0x0000000702e00000|  0%| F|  |TAMS 0x0000000702c00000, 0x0000000702c00000| Untracked 
|  13|0x0000000702e00000, 0x0000000702e00000, 0x0000000703000000|  0%| F|  |TAMS 0x0000000702e00000, 0x0000000702e00000| Untracked 
|  14|0x0000000703000000, 0x0000000703000000, 0x0000000703200000|  0%| F|  |TAMS 0x0000000703000000, 0x0000000703000000| Untracked 
|  15|0x0000000703200000, 0x0000000703200000, 0x0000000703400000|  0%| F|  |TAMS 0x0000000703200000, 0x0000000703200000| Untracked 
|  16|0x0000000703400000, 0x0000000703400000, 0x0000000703600000|  0%| F|  |TAMS 0x0000000703400000, 0x0000000703400000| Untracked 
|  17|0x0000000703600000, 0x0000000703600000, 0x0000000703800000|  0%| F|  |TAMS 0x0000000703600000, 0x0000000703600000| Untracked 
|  18|0x0000000703800000, 0x0000000703800000, 0x0000000703a00000|  0%| F|  |TAMS 0x0000000703800000, 0x0000000703800000| Untracked 
|  19|0x0000000703a00000, 0x0000000703a00000, 0x0000000703c00000|  0%| F|  |TAMS 0x0000000703a00000, 0x0000000703a00000| Untracked 
|  20|0x0000000703c00000, 0x0000000703c00000, 0x0000000703e00000|  0%| F|  |TAMS 0x0000000703c00000, 0x0000000703c00000| Untracked 
|  21|0x0000000703e00000, 0x0000000703e00000, 0x0000000704000000|  0%| F|  |TAMS 0x0000000703e00000, 0x0000000703e00000| Untracked 
|  22|0x0000000704000000, 0x0000000704000000, 0x0000000704200000|  0%| F|  |TAMS 0x0000000704000000, 0x0000000704000000| Untracked 
|  23|0x0000000704200000, 0x0000000704200000, 0x0000000704400000|  0%| F|  |TAMS 0x0000000704200000, 0x0000000704200000| Untracked 
|  24|0x0000000704400000, 0x0000000704400000, 0x0000000704600000|  0%| F|  |TAMS 0x0000000704400000, 0x0000000704400000| Untracked 
|  25|0x0000000704600000, 0x0000000704600000, 0x0000000704800000|  0%| F|  |TAMS 0x0000000704600000, 0x0000000704600000| Untracked 
|  26|0x0000000704800000, 0x0000000704800000, 0x0000000704a00000|  0%| F|  |TAMS 0x0000000704800000, 0x0000000704800000| Untracked 
|  27|0x0000000704a00000, 0x0000000704a00000, 0x0000000704c00000|  0%| F|  |TAMS 0x0000000704a00000, 0x0000000704a00000| Untracked 
|  28|0x0000000704c00000, 0x0000000704c00000, 0x0000000704e00000|  0%| F|  |TAMS 0x0000000704c00000, 0x0000000704c00000| Untracked 
|  29|0x0000000704e00000, 0x0000000704e00000, 0x0000000705000000|  0%| F|  |TAMS 0x0000000704e00000, 0x0000000704e00000| Untracked 
|  30|0x0000000705000000, 0x0000000705000000, 0x0000000705200000|  0%| F|  |TAMS 0x0000000705000000, 0x0000000705000000| Untracked 
|  31|0x0000000705200000, 0x0000000705200000, 0x0000000705400000|  0%| F|  |TAMS 0x0000000705200000, 0x0000000705200000| Untracked 
|  32|0x0000000705400000, 0x0000000705400000, 0x0000000705600000|  0%| F|  |TAMS 0x0000000705400000, 0x0000000705400000| Untracked 
|  33|0x0000000705600000, 0x0000000705600000, 0x0000000705800000|  0%| F|  |TAMS 0x0000000705600000, 0x0000000705600000| Untracked 
|  34|0x0000000705800000, 0x0000000705800000, 0x0000000705a00000|  0%| F|  |TAMS 0x0000000705800000, 0x0000000705800000| Untracked 
|  35|0x0000000705a00000, 0x0000000705a00000, 0x0000000705c00000|  0%| F|  |TAMS 0x0000000705a00000, 0x0000000705a00000| Untracked 
|  36|0x0000000705c00000, 0x0000000705c00000, 0x0000000705e00000|  0%| F|  |TAMS 0x0000000705c00000, 0x0000000705c00000| Untracked 
|  37|0x0000000705e00000, 0x0000000705e00000, 0x0000000706000000|  0%| F|  |TAMS 0x0000000705e00000, 0x0000000705e00000| Untracked 
|  38|0x0000000706000000, 0x0000000706000000, 0x0000000706200000|  0%| F|  |TAMS 0x0000000706000000, 0x0000000706000000| Untracked 
|  39|0x0000000706200000, 0x0000000706200000, 0x0000000706400000|  0%| F|  |TAMS 0x0000000706200000, 0x0000000706200000| Untracked 
|  40|0x0000000706400000, 0x0000000706400000, 0x0000000706600000|  0%| F|  |TAMS 0x0000000706400000, 0x0000000706400000| Untracked 
|  41|0x0000000706600000, 0x0000000706600000, 0x0000000706800000|  0%| F|  |TAMS 0x0000000706600000, 0x0000000706600000| Untracked 
|  42|0x0000000706800000, 0x0000000706800000, 0x0000000706a00000|  0%| F|  |TAMS 0x0000000706800000, 0x0000000706800000| Untracked 
|  43|0x0000000706a00000, 0x0000000706a00000, 0x0000000706c00000|  0%| F|  |TAMS 0x0000000706a00000, 0x0000000706a00000| Untracked 
|  44|0x0000000706c00000, 0x0000000706c00000, 0x0000000706e00000|  0%| F|  |TAMS 0x0000000706c00000, 0x0000000706c00000| Untracked 
|  45|0x0000000706e00000, 0x0000000706e00000, 0x0000000707000000|  0%| F|  |TAMS 0x0000000706e00000, 0x0000000706e00000| Untracked 
|  46|0x0000000707000000, 0x0000000707000000, 0x0000000707200000|  0%| F|  |TAMS 0x0000000707000000, 0x0000000707000000| Untracked 
|  47|0x0000000707200000, 0x0000000707200000, 0x0000000707400000|  0%| F|  |TAMS 0x0000000707200000, 0x0000000707200000| Untracked 
|  48|0x0000000707400000, 0x0000000707400000, 0x0000000707600000|  0%| F|  |TAMS 0x0000000707400000, 0x0000000707400000| Untracked 
|  49|0x0000000707600000, 0x0000000707600000, 0x0000000707800000|  0%| F|  |TAMS 0x0000000707600000, 0x0000000707600000| Untracked 
|  50|0x0000000707800000, 0x0000000707800000, 0x0000000707a00000|  0%| F|  |TAMS 0x0000000707800000, 0x0000000707800000| Untracked 
|  51|0x0000000707a00000, 0x0000000707a00000, 0x0000000707c00000|  0%| F|  |TAMS 0x0000000707a00000, 0x0000000707a00000| Untracked 
|  52|0x0000000707c00000, 0x0000000707c00000, 0x0000000707e00000|  0%| F|  |TAMS 0x0000000707c00000, 0x0000000707c00000| Untracked 
|  53|0x0000000707e00000, 0x0000000707e00000, 0x0000000708000000|  0%| F|  |TAMS 0x0000000707e00000, 0x0000000707e00000| Untracked 
|  54|0x0000000708000000, 0x0000000708000000, 0x0000000708200000|  0%| F|  |TAMS 0x0000000708000000, 0x0000000708000000| Untracked 
|  55|0x0000000708200000, 0x0000000708200000, 0x0000000708400000|  0%| F|  |TAMS 0x0000000708200000, 0x0000000708200000| Untracked 
|  56|0x0000000708400000, 0x0000000708400000, 0x0000000708600000|  0%| F|  |TAMS 0x0000000708400000, 0x0000000708400000| Untracked 
|  57|0x0000000708600000, 0x0000000708600000, 0x0000000708800000|  0%| F|  |TAMS 0x0000000708600000, 0x0000000708600000| Untracked 
|  58|0x0000000708800000, 0x0000000708800000, 0x0000000708a00000|  0%| F|  |TAMS 0x0000000708800000, 0x0000000708800000| Untracked 
|  59|0x0000000708a00000, 0x0000000708a00000, 0x0000000708c00000|  0%| F|  |TAMS 0x0000000708a00000, 0x0000000708a00000| Untracked 
|  60|0x0000000708c00000, 0x0000000708c00000, 0x0000000708e00000|  0%| F|  |TAMS 0x0000000708c00000, 0x0000000708c00000| Untracked 
|  61|0x0000000708e00000, 0x0000000708e00000, 0x0000000709000000|  0%| F|  |TAMS 0x0000000708e00000, 0x0000000708e00000| Untracked 
|  62|0x0000000709000000, 0x0000000709000000, 0x0000000709200000|  0%| F|  |TAMS 0x0000000709000000, 0x0000000709000000| Untracked 
|  63|0x0000000709200000, 0x0000000709200000, 0x0000000709400000|  0%| F|  |TAMS 0x0000000709200000, 0x0000000709200000| Untracked 
|  64|0x0000000709400000, 0x0000000709400000, 0x0000000709600000|  0%| F|  |TAMS 0x0000000709400000, 0x0000000709400000| Untracked 
|  65|0x0000000709600000, 0x0000000709600000, 0x0000000709800000|  0%| F|  |TAMS 0x0000000709600000, 0x0000000709600000| Untracked 
|  66|0x0000000709800000, 0x0000000709800000, 0x0000000709a00000|  0%| F|  |TAMS 0x0000000709800000, 0x0000000709800000| Untracked 
|  67|0x0000000709a00000, 0x0000000709a00000, 0x0000000709c00000|  0%| F|  |TAMS 0x0000000709a00000, 0x0000000709a00000| Untracked 
|  68|0x0000000709c00000, 0x0000000709c00000, 0x0000000709e00000|  0%| F|  |TAMS 0x0000000709c00000, 0x0000000709c00000| Untracked 
|  69|0x0000000709e00000, 0x0000000709e00000, 0x000000070a000000|  0%| F|  |TAMS 0x0000000709e00000, 0x0000000709e00000| Untracked 
|  70|0x000000070a000000, 0x000000070a000000, 0x000000070a200000|  0%| F|  |TAMS 0x000000070a000000, 0x000000070a000000| Untracked 
|  71|0x000000070a200000, 0x000000070a200000, 0x000000070a400000|  0%| F|  |TAMS 0x000000070a200000, 0x000000070a200000| Untracked 
|  72|0x000000070a400000, 0x000000070a400000, 0x000000070a600000|  0%| F|  |TAMS 0x000000070a400000, 0x000000070a400000| Untracked 
|  73|0x000000070a600000, 0x000000070a600000, 0x000000070a800000|  0%| F|  |TAMS 0x000000070a600000, 0x000000070a600000| Untracked 
|  74|0x000000070a800000, 0x000000070a800000, 0x000000070aa00000|  0%| F|  |TAMS 0x000000070a800000, 0x000000070a800000| Untracked 
|  75|0x000000070aa00000, 0x000000070aa00000, 0x000000070ac00000|  0%| F|  |TAMS 0x000000070aa00000, 0x000000070aa00000| Untracked 
|  76|0x000000070ac00000, 0x000000070ac00000, 0x000000070ae00000|  0%| F|  |TAMS 0x000000070ac00000, 0x000000070ac00000| Untracked 
|  77|0x000000070ae00000, 0x000000070ae00000, 0x000000070b000000|  0%| F|  |TAMS 0x000000070ae00000, 0x000000070ae00000| Untracked 
|  78|0x000000070b000000, 0x000000070b000000, 0x000000070b200000|  0%| F|  |TAMS 0x000000070b000000, 0x000000070b000000| Untracked 
|  79|0x000000070b200000, 0x000000070b200000, 0x000000070b400000|  0%| F|  |TAMS 0x000000070b200000, 0x000000070b200000| Untracked 
|  80|0x000000070b400000, 0x000000070b400000, 0x000000070b600000|  0%| F|  |TAMS 0x000000070b400000, 0x000000070b400000| Untracked 
|  81|0x000000070b600000, 0x000000070b600000, 0x000000070b800000|  0%| F|  |TAMS 0x000000070b600000, 0x000000070b600000| Untracked 
|  82|0x000000070b800000, 0x000000070b800000, 0x000000070ba00000|  0%| F|  |TAMS 0x000000070b800000, 0x000000070b800000| Untracked 
|  83|0x000000070ba00000, 0x000000070ba00000, 0x000000070bc00000|  0%| F|  |TAMS 0x000000070ba00000, 0x000000070ba00000| Untracked 
|  84|0x000000070bc00000, 0x000000070bc00000, 0x000000070be00000|  0%| F|  |TAMS 0x000000070bc00000, 0x000000070bc00000| Untracked 
|  85|0x000000070be00000, 0x000000070be00000, 0x000000070c000000|  0%| F|  |TAMS 0x000000070be00000, 0x000000070be00000| Untracked 
|  86|0x000000070c000000, 0x000000070c000000, 0x000000070c200000|  0%| F|  |TAMS 0x000000070c000000, 0x000000070c000000| Untracked 
|  87|0x000000070c200000, 0x000000070c200000, 0x000000070c400000|  0%| F|  |TAMS 0x000000070c200000, 0x000000070c200000| Untracked 
|  88|0x000000070c400000, 0x000000070c400000, 0x000000070c600000|  0%| F|  |TAMS 0x000000070c400000, 0x000000070c400000| Untracked 
|  89|0x000000070c600000, 0x000000070c600000, 0x000000070c800000|  0%| F|  |TAMS 0x000000070c600000, 0x000000070c600000| Untracked 
|  90|0x000000070c800000, 0x000000070c800000, 0x000000070ca00000|  0%| F|  |TAMS 0x000000070c800000, 0x000000070c800000| Untracked 
|  91|0x000000070ca00000, 0x000000070ca00000, 0x000000070cc00000|  0%| F|  |TAMS 0x000000070ca00000, 0x000000070ca00000| Untracked 
|  92|0x000000070cc00000, 0x000000070cc00000, 0x000000070ce00000|  0%| F|  |TAMS 0x000000070cc00000, 0x000000070cc00000| Untracked 
|  93|0x000000070ce00000, 0x000000070ce00000, 0x000000070d000000|  0%| F|  |TAMS 0x000000070ce00000, 0x000000070ce00000| Untracked 
|  94|0x000000070d000000, 0x000000070d000000, 0x000000070d200000|  0%| F|  |TAMS 0x000000070d000000, 0x000000070d000000| Untracked 
|  95|0x000000070d200000, 0x000000070d200000, 0x000000070d400000|  0%| F|  |TAMS 0x000000070d200000, 0x000000070d200000| Untracked 
|  96|0x000000070d400000, 0x000000070d400000, 0x000000070d600000|  0%| F|  |TAMS 0x000000070d400000, 0x000000070d400000| Untracked 
|  97|0x000000070d600000, 0x000000070d600000, 0x000000070d800000|  0%| F|  |TAMS 0x000000070d600000, 0x000000070d600000| Untracked 
|  98|0x000000070d800000, 0x000000070d800000, 0x000000070da00000|  0%| F|  |TAMS 0x000000070d800000, 0x000000070d800000| Untracked 
|  99|0x000000070da00000, 0x000000070da00000, 0x000000070dc00000|  0%| F|  |TAMS 0x000000070da00000, 0x000000070da00000| Untracked 
| 100|0x000000070dc00000, 0x000000070dc00000, 0x000000070de00000|  0%| F|  |TAMS 0x000000070dc00000, 0x000000070dc00000| Untracked 
| 101|0x000000070de00000, 0x000000070de00000, 0x000000070e000000|  0%| F|  |TAMS 0x000000070de00000, 0x000000070de00000| Untracked 
| 102|0x000000070e000000, 0x000000070e000000, 0x000000070e200000|  0%| F|  |TAMS 0x000000070e000000, 0x000000070e000000| Untracked 
| 103|0x000000070e200000, 0x000000070e200000, 0x000000070e400000|  0%| F|  |TAMS 0x000000070e200000, 0x000000070e200000| Untracked 
| 104|0x000000070e400000, 0x000000070e400000, 0x000000070e600000|  0%| F|  |TAMS 0x000000070e400000, 0x000000070e400000| Untracked 
| 105|0x000000070e600000, 0x000000070e600000, 0x000000070e800000|  0%| F|  |TAMS 0x000000070e600000, 0x000000070e600000| Untracked 
| 106|0x000000070e800000, 0x000000070e800000, 0x000000070ea00000|  0%| F|  |TAMS 0x000000070e800000, 0x000000070e800000| Untracked 
| 107|0x000000070ea00000, 0x000000070ea00000, 0x000000070ec00000|  0%| F|  |TAMS 0x000000070ea00000, 0x000000070ea00000| Untracked 
| 108|0x000000070ec00000, 0x000000070ec00000, 0x000000070ee00000|  0%| F|  |TAMS 0x000000070ec00000, 0x000000070ec00000| Untracked 
| 109|0x000000070ee00000, 0x000000070ee00000, 0x000000070f000000|  0%| F|  |TAMS 0x000000070ee00000, 0x000000070ee00000| Untracked 
| 110|0x000000070f000000, 0x000000070f000000, 0x000000070f200000|  0%| F|  |TAMS 0x000000070f000000, 0x000000070f000000| Untracked 
| 111|0x000000070f200000, 0x000000070f200000, 0x000000070f400000|  0%| F|  |TAMS 0x000000070f200000, 0x000000070f200000| Untracked 
| 112|0x000000070f400000, 0x000000070f400000, 0x000000070f600000|  0%| F|  |TAMS 0x000000070f400000, 0x000000070f400000| Untracked 
| 113|0x000000070f600000, 0x000000070f600000, 0x000000070f800000|  0%| F|  |TAMS 0x000000070f600000, 0x000000070f600000| Untracked 
| 114|0x000000070f800000, 0x000000070f800000, 0x000000070fa00000|  0%| F|  |TAMS 0x000000070f800000, 0x000000070f800000| Untracked 
| 115|0x000000070fa00000, 0x000000070fc00000, 0x000000070fc00000|100%| S|CS|TAMS 0x000000070fa00000, 0x000000070fa00000| Complete 
| 116|0x000000070fc00000, 0x000000070fe00000, 0x000000070fe00000|100%| S|CS|TAMS 0x000000070fc00000, 0x000000070fc00000| Complete 
| 117|0x000000070fe00000, 0x000000070fe00000, 0x0000000710000000|  0%| F|  |TAMS 0x000000070fe00000, 0x000000070fe00000| Untracked 
| 118|0x0000000710000000, 0x0000000710000000, 0x0000000710200000|  0%| F|  |TAMS 0x0000000710000000, 0x0000000710000000| Untracked 
| 119|0x0000000710200000, 0x0000000710200000, 0x0000000710400000|  0%| F|  |TAMS 0x0000000710200000, 0x0000000710200000| Untracked 
| 120|0x0000000710400000, 0x0000000710400000, 0x0000000710600000|  0%| F|  |TAMS 0x0000000710400000, 0x0000000710400000| Untracked 
| 121|0x0000000710600000, 0x0000000710600000, 0x0000000710800000|  0%| F|  |TAMS 0x0000000710600000, 0x0000000710600000| Untracked 
| 122|0x0000000710800000, 0x0000000710800000, 0x0000000710a00000|  0%| F|  |TAMS 0x0000000710800000, 0x0000000710800000| Untracked 
| 123|0x0000000710a00000, 0x0000000710a00000, 0x0000000710c00000|  0%| F|  |TAMS 0x0000000710a00000, 0x0000000710a00000| Untracked 
| 124|0x0000000710c00000, 0x0000000710e00000, 0x0000000710e00000|100%| E|  |TAMS 0x0000000710c00000, 0x0000000710c00000| Complete 
| 125|0x0000000710e00000, 0x0000000711000000, 0x0000000711000000|100%| E|CS|TAMS 0x0000000710e00000, 0x0000000710e00000| Complete 
| 126|0x0000000711000000, 0x0000000711200000, 0x0000000711200000|100%| E|CS|TAMS 0x0000000711000000, 0x0000000711000000| Complete 
| 127|0x0000000711200000, 0x0000000711400000, 0x0000000711400000|100%| E|CS|TAMS 0x0000000711200000, 0x0000000711200000| Complete 

Card table byte_map: [0x0000025be7650000,0x0000025be7e50000] _byte_map_base: 0x0000025be3e46000

Marking Bits (Prev, Next): (CMBitMap*) 0x0000025bd00b16f0, (CMBitMap*) 0x0000025bd00b1730
 Prev Bits: [0x0000025be8650000, 0x0000025bec600000)
 Next Bits: [0x0000025bec600000, 0x0000025bf05b0000)

Polling page: 0x0000025bcf810000

Metaspace:

Usage:
  Non-class:      7.76 MB used.
      Class:    894.67 KB used.
       Both:      8.64 MB used.

Virtual space:
  Non-class space:        8.00 MB reserved,       7.88 MB ( 98%) committed,  1 nodes.
      Class space:        1.00 GB reserved,       1.00 MB ( <1%) committed,  1 nodes.
             Both:        1.01 GB reserved,       8.88 MB ( <1%) committed. 

Chunk freelists:
   Non-Class:  105.00 KB
       Class:  3.05 MB
        Both:  3.15 MB

MaxMetaspaceSize: unlimited
CompressedClassSpaceSize: 1.00 GB
Initial GC threshold: 21.00 MB
Current GC threshold: 21.00 MB
CDS: on
MetaspaceReclaimPolicy: balanced
 - commit_granule_bytes: 65536.
 - commit_granule_words: 8192.
 - virtual_space_node_default_size: 1048576.
 - enlarge_chunks_in_place: 1.
 - new_chunks_are_fully_committed: 0.
 - uncommit_free_chunks: 1.
 - use_allocation_guard: 0.
 - handle_deallocations: 1.


Internal statistics:

num_allocs_failed_limit: 0.
num_arena_births: 180.
num_arena_deaths: 0.
num_vsnodes_births: 2.
num_vsnodes_deaths: 0.
num_space_committed: 142.
num_space_uncommitted: 0.
num_chunks_returned_to_freelist: 0.
num_chunks_taken_from_freelist: 326.
num_chunk_merges: 0.
num_chunk_splits: 215.
num_chunks_enlarged: 129.
num_purges: 0.
num_inconsistent_stats: 0.

CodeHeap 'non-profiled nmethods': size=120000Kb used=560Kb max_used=560Kb free=119439Kb
 bounds [0x0000025bdf5f0000, 0x0000025bdf860000, 0x0000025be6b20000]
CodeHeap 'profiled nmethods': size=120000Kb used=2981Kb max_used=2981Kb free=117018Kb
 bounds [0x0000025bd80c0000, 0x0000025bd83b0000, 0x0000025bdf5f0000]
CodeHeap 'non-nmethods': size=5760Kb used=1336Kb max_used=1374Kb free=4423Kb
 bounds [0x0000025bd7b20000, 0x0000025bd7d90000, 0x0000025bd80c0000]
 total_blobs=2120 nmethods=1530 adapters=503
 compilation: enabled
              stopped_count=0, restarted_count=0
 full_count=0

Compilation events (20 events):
Event: 1055.402 Thread 0x0000025bf3c08ef0 1522       3       java.util.concurrent.locks.AbstractQueuedSynchronizer$Node::clearStatus (12 bytes)
Event: 1055.402 Thread 0x0000025bf3c08ef0 nmethod 1522 0x0000025bd8397790 code [0x0000025bd8397940, 0x0000025bd8397ae8]
Event: 1055.404 Thread 0x0000025bf3c08ef0 1523       3       java.util.concurrent.locks.AbstractQueuedSynchronizer$ConditionObject::enableWait (84 bytes)
Event: 1055.405 Thread 0x0000025bf3c08ef0 nmethod 1523 0x0000025bd8397b90 code [0x0000025bd8397dc0, 0x0000025bd8398548]
Event: 1055.405 Thread 0x0000025bf3c08ef0 1524       3       java.util.concurrent.locks.AbstractQueuedSynchronizer$ConditionNode::block (15 bytes)
Event: 1055.406 Thread 0x0000025bf3c08ef0 nmethod 1524 0x0000025bd8398810 code [0x0000025bd83989e0, 0x0000025bd8398e08]
Event: 1055.406 Thread 0x0000025bf3c08ef0 1525       3       java.util.concurrent.locks.LockSupport::park (9 bytes)
Event: 1055.406 Thread 0x0000025bf3c08ef0 nmethod 1525 0x0000025bd8398f90 code [0x0000025bd8399120, 0x0000025bd8399268]
Event: 1055.459 Thread 0x0000025bf3c08ef0 1526       3       java.util.HashMap::removeNode (291 bytes)
Event: 1055.460 Thread 0x0000025bf3c08ef0 nmethod 1526 0x0000025bd8399310 code [0x0000025bd83995a0, 0x0000025bd839a918]
Event: 1055.460 Thread 0x0000025bf3c08ef0 1527       3       java.util.HashMap::afterNodeRemoval (1 bytes)
Event: 1055.460 Thread 0x0000025bf3c08ef0 nmethod 1527 0x0000025bd839af10 code [0x0000025bd839b0a0, 0x0000025bd839b1b8]
Event: 1055.471 Thread 0x0000025bf30260b0 1528   !   4       sun.awt.AppContext::get (123 bytes)
Event: 1055.498 Thread 0x0000025bf30260b0 nmethod 1528 0x0000025bdf679a10 code [0x0000025bdf679be0, 0x0000025bdf67aaf8]
Event: 1056.386 Thread 0x0000025bf3c08ef0 1529   !   3       java.util.concurrent.SynchronousQueue$TransferStack::transfer (541 bytes)
Event: 1056.386 Thread 0x0000025bf30260b0 1530       4       java.util.concurrent.SynchronousQueue$TransferStack::casHead (26 bytes)
Event: 1056.395 Thread 0x0000025bf30260b0 nmethod 1530 0x0000025bdf67b110 code [0x0000025bdf67b280, 0x0000025bdf67b438]
Event: 1056.439 Thread 0x0000025bf3c08ef0 nmethod 1529 0x0000025bd839b290 code [0x0000025bd839c260, 0x0000025bd83a61e8]
Event: 1057.976 Thread 0x0000025bf30260b0 1531       4       java.util.concurrent.FutureTask::awaitDone (214 bytes)
Event: 1058.009 Thread 0x0000025bf30260b0 nmethod 1531 0x0000025bdf67b510 code [0x0000025bdf67b6a0, 0x0000025bdf67c088]

GC Heap History (2 events):
Event: 981.809 GC heap before
{Heap before GC invocations=0 (full 0):
 garbage-first heap   total 262144K, used 22528K [0x0000000701400000, 0x0000000800000000)
  region size 2048K, 11 young (22528K), 0 survivors (0K)
 Metaspace       used 8582K, committed 8832K, reserved 1056768K
  class space    used 882K, committed 1024K, reserved 1048576K
}
Event: 981.825 GC heap after
{Heap after GC invocations=1 (full 0):
 garbage-first heap   total 262144K, used 5025K [0x0000000701400000, 0x0000000800000000)
  region size 2048K, 2 young (4096K), 2 survivors (4096K)
 Metaspace       used 8582K, committed 8832K, reserved 1056768K
  class space    used 882K, committed 1024K, reserved 1048576K
}

Deoptimization events (20 events):
Event: 1030.461 Thread 0x0000025bf96c3f30 Uncommon trap: trap_request=0xffffff45 fr.pc=0x0000025bdf669ea8 relative=0x00000000000006c8
Event: 1030.461 Thread 0x0000025bf96c3f30 Uncommon trap: reason=unstable_if action=reinterpret pc=0x0000025bdf669ea8 method=java.util.LinkedHashMap.keySet()Ljava/util/Set; @ 6 c2
Event: 1030.461 Thread 0x0000025bf96c3f30 DEOPT PACKING pc=0x0000025bdf669ea8 sp=0x000000d542cfef00
Event: 1030.461 Thread 0x0000025bf96c3f30 DEOPT UNPACKING pc=0x0000025bd7b723a3 sp=0x000000d542cfee10 mode 2
Event: 1030.464 Thread 0x0000025bf96c3f30 Uncommon trap: trap_request=0xffffff45 fr.pc=0x0000025bdf668168 relative=0x0000000000000068
Event: 1030.464 Thread 0x0000025bf96c3f30 Uncommon trap: reason=unstable_if action=reinterpret pc=0x0000025bdf668168 method=java.util.ArrayList.clear()V @ 29 c2
Event: 1030.464 Thread 0x0000025bf96c3f30 DEOPT PACKING pc=0x0000025bdf668168 sp=0x000000d542cfd9c0
Event: 1030.464 Thread 0x0000025bf96c3f30 DEOPT UNPACKING pc=0x0000025bd7b723a3 sp=0x000000d542cfd940 mode 2
Event: 1041.396 Thread 0x0000025bf96c3f30 Uncommon trap: trap_request=0xffffff45 fr.pc=0x0000025bdf6693dc relative=0x000000000000023c
Event: 1041.396 Thread 0x0000025bf96c3f30 Uncommon trap: reason=unstable_if action=reinterpret pc=0x0000025bdf6693dc method=java.util.LinkedHashMap.keySet()Ljava/util/Set; @ 6 c2
Event: 1041.396 Thread 0x0000025bf96c3f30 DEOPT PACKING pc=0x0000025bdf6693dc sp=0x000000d542cfeea0
Event: 1041.396 Thread 0x0000025bf96c3f30 DEOPT UNPACKING pc=0x0000025bd7b723a3 sp=0x000000d542cfee10 mode 2
Event: 1055.263 Thread 0x0000025bf96c3f30 Uncommon trap: trap_request=0xffffff45 fr.pc=0x0000025bdf66ef38 relative=0x0000000000001318
Event: 1055.263 Thread 0x0000025bf96c3f30 Uncommon trap: reason=unstable_if action=reinterpret pc=0x0000025bdf66ef38 method=java.util.concurrent.SynchronousQueue$TransferStack$SNode.tryMatch(Ljava/util/concurrent/SynchronousQueue$TransferStack$SNode;)Z @ 27 c2
Event: 1055.263 Thread 0x0000025bf96c3f30 DEOPT PACKING pc=0x0000025bdf66ef38 sp=0x000000d542cfed60
Event: 1055.263 Thread 0x0000025bf96c3f30 DEOPT UNPACKING pc=0x0000025bd7b723a3 sp=0x000000d542cfeca8 mode 2
Event: 1055.269 Thread 0x0000025bf96c4da0 Uncommon trap: trap_request=0xffffff45 fr.pc=0x0000025bdf66ed3c relative=0x000000000000111c
Event: 1055.269 Thread 0x0000025bf96c4da0 Uncommon trap: reason=unstable_if action=reinterpret pc=0x0000025bdf66ed3c method=java.util.concurrent.SynchronousQueue$TransferStack.transfer(Ljava/lang/Object;ZJ)Ljava/lang/Object; @ 276 c2
Event: 1055.269 Thread 0x0000025bf96c4da0 DEOPT PACKING pc=0x0000025bdf66ed3c sp=0x000000d542eff310
Event: 1055.269 Thread 0x0000025bf96c4da0 DEOPT UNPACKING pc=0x0000025bd7b723a3 sp=0x000000d542eff2c8 mode 2

Classes unloaded (0 events):
No events

Classes redefined (0 events):
No events

Internal exceptions (20 events):
Event: 967.422 Thread 0x0000025bf96c3f30 Exception <a 'java/lang/NoSuchMethodError'{0x00000007105c79c8}: 'int java.lang.invoke.DirectMethodHandle$Holder.invokeStatic(java.lang.Object)'> (0x00000007105c79c8) 
thrown [s\src\hotspot\share\interpreter\linkResolver.cpp, line 759]
Event: 967.436 Thread 0x0000025bf96c3f30 Exception <a 'java/lang/NoSuchMethodError'{0x00000007105d5e88}: 'java.lang.Object java.lang.invoke.DirectMethodHandle$Holder.invokeInterface(java.lang.Object, java.lang.Object, java.lang.Object)'> (0x00000007105d5e88) 
thrown [s\src\hotspot\share\interpreter\linkResolver.cpp, line 759]
Event: 967.438 Thread 0x0000025bf96c3f30 Exception <a 'java/lang/NoSuchMethodError'{0x00000007105dc958}: 'void java.lang.invoke.DirectMethodHandle$Holder.invokeStatic(java.lang.Object, java.lang.Object, float)'> (0x00000007105dc958) 
thrown [s\src\hotspot\share\interpreter\linkResolver.cpp, line 759]
Event: 967.504 Thread 0x0000025bf96c3f30 Exception <a 'java/lang/NoSuchMethodError'{0x00000007105f3898}: 'java.lang.Object java.lang.invoke.DirectMethodHandle$Holder.newInvokeSpecial(java.lang.Object, float)'> (0x00000007105f3898) 
thrown [s\src\hotspot\share\interpreter\linkResolver.cpp, line 759]
Event: 967.505 Thread 0x0000025bf96c3f30 Exception <a 'java/lang/NoSuchMethodError'{0x00000007105f7178}: 'java.lang.Object java.lang.invoke.DirectMethodHandle$Holder.invokeSpecial(java.lang.Object, java.lang.Object, float)'> (0x00000007105f7178) 
thrown [s\src\hotspot\share\interpreter\linkResolver.cpp, line 759]
Event: 967.515 Thread 0x0000025bf96c48d0 Exception <a 'java/lang/NoSuchMethodError'{0x00000007103afa30}: 'int java.lang.invoke.DirectMethodHandle$Holder.invokeSpecial(java.lang.Object, java.lang.Object, java.lang.Object)'> (0x00000007103afa30) 
thrown [s\src\hotspot\share\interpreter\linkResolver.cpp, line 759]
Event: 967.579 Thread 0x0000025bf96c48d0 Exception <a 'java/lang/NoSuchMethodError'{0x00000007103f7d70}: 'void java.lang.invoke.DirectMethodHandle$Holder.invokeStatic(java.lang.Object, long)'> (0x00000007103f7d70) 
thrown [s\src\hotspot\share\interpreter\linkResolver.cpp, line 759]
Event: 967.580 Thread 0x0000025bf96c48d0 Exception <a 'java/lang/NoSuchMethodError'{0x00000007103fd350}: 'java.lang.Object java.lang.invoke.DirectMethodHandle$Holder.newInvokeSpecial(java.lang.Object, long)'> (0x00000007103fd350) 
thrown [s\src\hotspot\share\interpreter\linkResolver.cpp, line 759]
Event: 967.583 Thread 0x0000025bf96c48d0 Exception <a 'java/lang/NoSuchMethodError'{0x0000000710004418}: 'java.lang.Object java.lang.invoke.DirectMethodHandle$Holder.invokeStatic(java.lang.Object, java.lang.Object, long, java.lang.Object)'> (0x0000000710004418) 
thrown [s\src\hotspot\share\interpreter\linkResolver.cpp, line 759]
Event: 967.585 Thread 0x0000025bf96c48d0 Exception <a 'java/lang/NoSuchMethodError'{0x0000000710007eb0}: 'java.lang.Object java.lang.invoke.DirectMethodHandle$Holder.invokeStaticInit(java.lang.Object, java.lang.Object, long, java.lang.Object)'> (0x0000000710007eb0) 
thrown [s\src\hotspot\share\interpreter\linkResolver.cpp, line 759]
Event: 967.586 Thread 0x0000025bf96c48d0 Exception <a 'java/lang/NoSuchMethodError'{0x000000071000e470}: 'java.lang.Object java.lang.invoke.DirectMethodHandle$Holder.newInvokeSpecial(java.lang.Object, java.lang.Object, long)'> (0x000000071000e470) 
thrown [s\src\hotspot\share\interpreter\linkResolver.cpp, line 759]
Event: 967.587 Thread 0x0000025bf96c48d0 Exception <a 'java/lang/NoSuchMethodError'{0x0000000710011fe0}: 'java.lang.Object java.lang.invoke.Invokers$Holder.linkToTargetMethod(java.lang.Object, long, java.lang.Object)'> (0x0000000710011fe0) 
thrown [s\src\hotspot\share\interpreter\linkResolver.cpp, line 759]
Event: 967.970 Thread 0x0000025bf96c48d0 Exception <a 'java/lang/NoSuchMethodError'{0x000000070feea058}: 'int java.lang.invoke.DirectMethodHandle$Holder.invokeStaticInit(java.lang.Object, java.lang.Object, java.lang.Object)'> (0x000000070feea058) 
thrown [s\src\hotspot\share\interpreter\linkResolver.cpp, line 759]
Event: 1030.443 Thread 0x0000025bf96c48d0 Exception <a 'java/lang/NoSuchMethodError'{0x0000000710e12dc8}: 'java.lang.Object java.lang.invoke.DirectMethodHandle$Holder.invokeSpecial(java.lang.Object, java.lang.Object, int, java.lang.Object, java.lang.Object)'> (0x0000000710e12dc8) 
thrown [s\src\hotspot\share\interpreter\linkResolver.cpp, line 759]
Event: 1030.458 Thread 0x0000025bf96c3f30 Exception <a 'java/lang/NoSuchMethodError'{0x00000007111515e8}: 'void java.lang.invoke.DirectMethodHandle$Holder.invokeStatic(java.lang.Object, java.lang.Object, java.lang.Object, java.lang.Object)'> (0x00000007111515e8) 
thrown [s\src\hotspot\share\interpreter\linkResolver.cpp, line 759]
Event: 1030.461 Thread 0x0000025bf96c3f30 Implicit null exception at 0x0000025bdf6698e0 to 0x0000025bdf669e88
Event: 1030.468 Thread 0x0000025bf96c3f30 Exception <a 'java/lang/NoSuchMethodError'{0x0000000710ee0848}: 'java.lang.Object java.lang.invoke.DirectMethodHandle$Holder.invokeSpecial(java.lang.Object, java.lang.Object, double, double)'> (0x0000000710ee0848) 
thrown [s\src\hotspot\share\interpreter\linkResolver.cpp, line 759]
Event: 1041.387 Thread 0x0000025bf96c48d0 Exception <a 'java/lang/NoSuchMethodError'{0x0000000710e392f0}: 'void java.lang.invoke.DirectMethodHandle$Holder.invokeStatic(java.lang.Object, int, java.lang.Object)'> (0x0000000710e392f0) 
thrown [s\src\hotspot\share\interpreter\linkResolver.cpp, line 759]
Event: 1041.390 Thread 0x0000025bf96c48d0 Exception <a 'java/lang/NoSuchMethodError'{0x0000000710e3f090}: 'java.lang.Object java.lang.invoke.DirectMethodHandle$Holder.newInvokeSpecial(java.lang.Object, int, java.lang.Object)'> (0x0000000710e3f090) 
thrown [s\src\hotspot\share\interpreter\linkResolver.cpp, line 759]
Event: 1041.396 Thread 0x0000025bf96c3f30 Implicit null exception at 0x0000025bdf6691f5 to 0x0000025bdf6693cc

VM Operations (20 events):
Event: 1036.041 Executing VM operation: Cleanup
Event: 1036.041 Executing VM operation: Cleanup done
Event: 1037.054 Executing VM operation: Cleanup
Event: 1037.055 Executing VM operation: Cleanup done
Event: 1042.069 Executing VM operation: Cleanup
Event: 1042.069 Executing VM operation: Cleanup done
Event: 1043.077 Executing VM operation: Cleanup
Event: 1043.077 Executing VM operation: Cleanup done
Event: 1056.167 Executing VM operation: Cleanup
Event: 1056.168 Executing VM operation: Cleanup done
Event: 1057.180 Executing VM operation: Cleanup
Event: 1057.180 Executing VM operation: Cleanup done
Event: 1061.782 Executing VM operation: ChangeBreakpoints
Event: 1061.782 Executing VM operation: ChangeBreakpoints done
Event: 1061.782 Executing VM operation: ChangeBreakpoints
Event: 1061.783 Executing VM operation: ChangeBreakpoints done
Event: 1061.783 Executing VM operation: ChangeBreakpoints
Event: 1061.783 Executing VM operation: ChangeBreakpoints done
Event: 1061.783 Executing VM operation: ChangeBreakpoints
Event: 1061.783 Executing VM operation: ChangeBreakpoints done

Events (20 events):
Event: 968.011 loading class java/awt/GraphicsCallback done
Event: 968.011 loading class java/awt/GraphicsCallback$PaintCallback done
Event: 968.096 Thread 0x0000025bf9e075c0 Thread exited: 0x0000025bf9e075c0
Event: 968.096 Thread 0x0000025bf99273d0 Thread exited: 0x0000025bf99273d0
Event: 968.596 Thread 0x0000025bf96c5270 Thread exited: 0x0000025bf96c5270
Event: 1019.872 loading class java/util/DualPivotQuicksort$Sorter
Event: 1019.874 loading class java/util/DualPivotQuicksort$Sorter done
Event: 1030.472 loading class jdk/internal/math/FDBigInteger
Event: 1030.473 loading class jdk/internal/math/FDBigInteger done
Event: 1041.379 loading class java/awt/event/KeyEvent$1
Event: 1041.380 loading class sun/awt/AWTAccessor$KeyEventAccessor
Event: 1041.380 loading class sun/awt/AWTAccessor$KeyEventAccessor done
Event: 1041.380 loading class java/awt/event/KeyEvent$1 done
Event: 1041.382 loading class sun/awt/DebugSettings
Event: 1041.383 loading class sun/awt/DebugSettings done
Event: 1061.782 Thread 0x0000025bf3d85820 Thread exited: 0x0000025bf3d85820
Event: 1061.784 Thread 0x0000025bf96c30c0 Thread added: 0x0000025bf96c30c0
Event: 1061.784 Thread 0x0000025bf96c2bf0 Thread added: 0x0000025bf96c2bf0
Event: 1061.788 Thread 0x0000025bf96c30c0 Thread exited: 0x0000025bf96c30c0
Event: 1061.788 Thread 0x0000025bf3d6bfe0 Thread exited: 0x0000025bf3d6bfe0


Dynamic libraries:
0x00007ff61a860000 - 0x00007ff61a86e000 	C:\Program Files\BlueJ\jdk\bin\java.exe
0x00007ffe933d0000 - 0x00007ffe935e7000 	C:\WINDOWS\SYSTEM32\ntdll.dll
0x00007ffe91b40000 - 0x00007ffe91c04000 	C:\WINDOWS\System32\KERNEL32.DLL
0x00007ffe90960000 - 0x00007ffe90d07000 	C:\WINDOWS\System32\KERNELBASE.dll
0x00007ffe906f0000 - 0x00007ffe90801000 	C:\WINDOWS\System32\ucrtbase.dll
0x00007ffe76cf0000 - 0x00007ffe76d08000 	C:\Program Files\BlueJ\jdk\bin\jli.dll
0x00007ffe7da50000 - 0x00007ffe7da69000 	C:\Program Files\BlueJ\jdk\bin\VCRUNTIME140.dll
0x00007ffe92b90000 - 0x00007ffe92d3e000 	C:\WINDOWS\System32\USER32.dll
0x00007ffe7a110000 - 0x00007ffe7a3a3000 	C:\WINDOWS\WinSxS\amd64_microsoft.windows.common-controls_6595b64144ccf1df_6.0.22621.3527_none_270e469b73872a76\COMCTL32.dll
0x00007ffe90db0000 - 0x00007ffe90dd6000 	C:\WINDOWS\System32\win32u.dll
0x00007ffe91c10000 - 0x00007ffe91cb7000 	C:\WINDOWS\System32\msvcrt.dll
0x00007ffe91cc0000 - 0x00007ffe91ce9000 	C:\WINDOWS\System32\GDI32.dll
0x00007ffe90810000 - 0x00007ffe90929000 	C:\WINDOWS\System32\gdi32full.dll
0x00007ffe90d10000 - 0x00007ffe90daa000 	C:\WINDOWS\System32\msvcp_win.dll
0x00007ffe91560000 - 0x00007ffe91591000 	C:\WINDOWS\System32\IMM32.DLL
0x00007ffe8d920000 - 0x00007ffe8d92c000 	C:\Program Files\BlueJ\jdk\bin\vcruntime140_1.dll
0x00007ffe67930000 - 0x00007ffe679c1000 	C:\Program Files\BlueJ\jdk\bin\msvcp140.dll
0x00007ffe01bd0000 - 0x00007ffe02816000 	C:\Program Files\BlueJ\jdk\bin\server\jvm.dll
0x00007ffe92ef0000 - 0x00007ffe92fa2000 	C:\WINDOWS\System32\ADVAPI32.dll
0x00007ffe91600000 - 0x00007ffe916a8000 	C:\WINDOWS\System32\sechost.dll
0x00007ffe90930000 - 0x00007ffe90958000 	C:\WINDOWS\System32\bcrypt.dll
0x00007ffe91d70000 - 0x00007ffe91e85000 	C:\WINDOWS\System32\RPCRT4.dll
0x00007ffe91330000 - 0x00007ffe91338000 	C:\WINDOWS\System32\PSAPI.DLL
0x00007ffe37b60000 - 0x00007ffe37b69000 	C:\WINDOWS\SYSTEM32\WSOCK32.dll
0x00007ffe7f180000 - 0x00007ffe7f1b4000 	C:\WINDOWS\SYSTEM32\WINMM.dll
0x00007ffe7b9d0000 - 0x00007ffe7b9da000 	C:\WINDOWS\SYSTEM32\VERSION.dll
0x00007ffe91cf0000 - 0x00007ffe91d61000 	C:\WINDOWS\System32\WS2_32.dll
0x00007ffe8f710000 - 0x00007ffe8f728000 	C:\WINDOWS\SYSTEM32\kernel.appcore.dll
0x00007ffe8b010000 - 0x00007ffe8b01a000 	C:\Program Files\BlueJ\jdk\bin\jimage.dll
0x00007ffe8b8d0000 - 0x00007ffe8bb02000 	C:\WINDOWS\SYSTEM32\DBGHELP.DLL
0x00007ffe916b0000 - 0x00007ffe91a38000 	C:\WINDOWS\System32\combase.dll
0x00007ffe91a60000 - 0x00007ffe91b37000 	C:\WINDOWS\System32\OLEAUT32.dll
0x00007ffe664c0000 - 0x00007ffe664f2000 	C:\WINDOWS\SYSTEM32\dbgcore.DLL
0x00007ffe90fc0000 - 0x00007ffe91039000 	C:\WINDOWS\System32\bcryptPrimitives.dll
0x00007ffe6fc20000 - 0x00007ffe6fc5b000 	C:\Program Files\BlueJ\jdk\bin\jdwp.dll
0x00007ffe76930000 - 0x00007ffe76955000 	C:\Program Files\BlueJ\jdk\bin\java.dll
0x00007ffe66930000 - 0x00007ffe66a06000 	C:\Program Files\BlueJ\jdk\bin\jsvml.dll
0x00007ffe92320000 - 0x00007ffe92b7c000 	C:\WINDOWS\System32\SHELL32.dll
0x00007ffe8e630000 - 0x00007ffe8ef26000 	C:\WINDOWS\SYSTEM32\windows.storage.dll
0x00007ffe8e4f0000 - 0x00007ffe8e62e000 	C:\WINDOWS\SYSTEM32\wintypes.dll
0x00007ffe91100000 - 0x00007ffe911f5000 	C:\WINDOWS\System32\SHCORE.dll
0x00007ffe92fb0000 - 0x00007ffe9300e000 	C:\WINDOWS\System32\shlwapi.dll
0x00007ffe90620000 - 0x00007ffe90641000 	C:\WINDOWS\SYSTEM32\profapi.dll
0x00007ffe76ce0000 - 0x00007ffe76ceb000 	C:\Program Files\BlueJ\jdk\bin\dt_shmem.dll
0x00007ffe76bb0000 - 0x00007ffe76bc9000 	C:\Program Files\BlueJ\jdk\bin\net.dll
0x00007ffe85140000 - 0x00007ffe85276000 	C:\WINDOWS\SYSTEM32\WINHTTP.dll
0x00007ffe8fc20000 - 0x00007ffe8fc89000 	C:\WINDOWS\system32\mswsock.dll
0x00007ffe76910000 - 0x00007ffe76925000 	C:\Program Files\BlueJ\jdk\bin\nio.dll
0x00007ffe765e0000 - 0x00007ffe765f8000 	C:\Program Files\BlueJ\jdk\bin\zip.dll
0x00007ffe54b30000 - 0x00007ffe54cbe000 	C:\Program Files\BlueJ\jdk\bin\awt.dll
0x00007ffe8db90000 - 0x00007ffe8dc27000 	C:\WINDOWS\SYSTEM32\apphelp.dll
0x00007ffe8dc50000 - 0x00007ffe8dcfb000 	C:\WINDOWS\system32\uxtheme.dll
0x00007ffe93230000 - 0x00007ffe93383000 	C:\WINDOWS\System32\MSCTF.dll
0x00007ffe93080000 - 0x00007ffe93225000 	C:\WINDOWS\System32\ole32.dll
0x00007ffe5ed70000 - 0x00007ffe5ee70000 	C:\WINDOWS\system32\opengl32.dll
0x00007ffe5f3f0000 - 0x00007ffe5f41d000 	C:\WINDOWS\SYSTEM32\GLU32.dll
0x00007ffe8dd30000 - 0x00007ffe8dd69000 	C:\WINDOWS\SYSTEM32\dxcore.dll
0x00007ffe8de80000 - 0x00007ffe8deab000 	C:\WINDOWS\system32\DWMAPI.DLL
0x00007ffe8ae30000 - 0x00007ffe8ae7a000 	C:\WINDOWS\SYSTEM32\directxdatabasehelper.dll
0x00007ffe91280000 - 0x00007ffe91330000 	C:\WINDOWS\System32\clbcatq.dll
0x00007ffe7fdd0000 - 0x00007ffe7ff07000 	C:\Windows\System32\AppXDeploymentClient.dll
0x00007ffdf92f0000 - 0x00007ffdfa2b5000 	C:\WINDOWS\System32\DriverStore\FileRepository\iigd_dch.inf_amd64_dc16e5f1dbf8051f\ig9icd64.dll
0x00007ffe8dd70000 - 0x00007ffe8de67000 	C:\WINDOWS\system32\dxgi.dll
0x00007ffe82cb0000 - 0x00007ffe82eef000 	C:\WINDOWS\System32\DriverStore\FileRepository\iigd_dch.inf_amd64_dc16e5f1dbf8051f\igdgmm64.dll
0x00007ffe7ffc0000 - 0x00007ffe82c22000 	C:\WINDOWS\System32\DriverStore\FileRepository\iigd_dch.inf_amd64_dc16e5f1dbf8051f\igc64.dll
0x00007ffe8fc90000 - 0x00007ffe8fcdd000 	C:\WINDOWS\SYSTEM32\powrprof.dll
0x00007ffe8fb70000 - 0x00007ffe8fb83000 	C:\WINDOWS\SYSTEM32\UMPDC.dll
0x00007ffe176d0000 - 0x00007ffe17ae5000 	C:\WINDOWS\System32\DriverStore\FileRepository\iigd_dch.inf_amd64_dc16e5f1dbf8051f\igdml64.dll
0x00007ffe598b0000 - 0x00007ffe59936000 	C:\Program Files\BlueJ\jdk\bin\freetype.dll
0x00007ffe59770000 - 0x00007ffe59818000 	C:\Program Files\BlueJ\jdk\bin\fontmanager.dll
0x00007ffe7dd90000 - 0x00007ffe7dedb000 	C:\WINDOWS\SYSTEM32\textinputframework.dll
0x00007ffe68140000 - 0x00007ffe681a9000 	C:\WINDOWS\system32\Oleacc.dll
0x00007ffe7a820000 - 0x00007ffe7a86b000 	C:\WINDOWS\system32\ApplicationTargetedFeatureDatabase.dll
0x00007ffe85d00000 - 0x00007ffe85f8b000 	C:\Windows\System32\twinapi.appcore.dll
0x00007ffe76af0000 - 0x00007ffe76af9000 	C:\Program Files\BlueJ\jdk\bin\management.dll
0x00007ffe769b0000 - 0x00007ffe769bb000 	C:\Program Files\BlueJ\jdk\bin\management_ext.dll
0x00007ffe650a0000 - 0x00007ffe650b7000 	C:\WINDOWS\system32\napinsp.dll
0x00007ffe65080000 - 0x00007ffe6509b000 	C:\WINDOWS\system32\pnrpnsp.dll
0x00007ffe8f250000 - 0x00007ffe8f348000 	C:\WINDOWS\SYSTEM32\DNSAPI.dll
0x00007ffe8f1d0000 - 0x00007ffe8f1fd000 	C:\WINDOWS\SYSTEM32\IPHLPAPI.DLL
0x00007ffe92b80000 - 0x00007ffe92b89000 	C:\WINDOWS\System32\NSI.dll
0x00007ffe65060000 - 0x00007ffe65071000 	C:\WINDOWS\System32\winrnr.dll
0x00007ffe7f410000 - 0x00007ffe7f425000 	C:\WINDOWS\system32\wshbth.dll
0x00007ffe65030000 - 0x00007ffe65057000 	C:\WINDOWS\system32\nlansp_c.dll
0x00007ffe7e830000 - 0x00007ffe7e83a000 	C:\Windows\System32\rasadhlp.dll
0x00007ffe7eeb0000 - 0x00007ffe7ef33000 	C:\WINDOWS\System32\fwpuclnt.dll
0x0000025bfa760000 - 0x0000025bfa763000 	C:\Program Files\BlueJ\lib\javafx\bin\api-ms-win-core-console-l1-1-0.dll
0x0000025bfa770000 - 0x0000025bfa773000 	C:\Program Files\BlueJ\lib\javafx\bin\api-ms-win-core-console-l1-2-0.dll
0x0000025bfa780000 - 0x0000025bfa783000 	C:\Program Files\BlueJ\lib\javafx\bin\api-ms-win-core-datetime-l1-1-0.dll
0x0000025bfa790000 - 0x0000025bfa793000 	C:\Program Files\BlueJ\lib\javafx\bin\api-ms-win-core-debug-l1-1-0.dll
0x0000025bfa7a0000 - 0x0000025bfa7a3000 	C:\Program Files\BlueJ\lib\javafx\bin\api-ms-win-core-errorhandling-l1-1-0.dll
0x0000025bfa7b0000 - 0x0000025bfa7b4000 	C:\Program Files\BlueJ\lib\javafx\bin\api-ms-win-core-file-l1-1-0.dll
0x0000025bfb790000 - 0x0000025bfb793000 	C:\Program Files\BlueJ\lib\javafx\bin\api-ms-win-core-file-l1-2-0.dll
0x0000025bfb7a0000 - 0x0000025bfb7a3000 	C:\Program Files\BlueJ\lib\javafx\bin\api-ms-win-core-file-l2-1-0.dll
0x0000025bfb7b0000 - 0x0000025bfb7b3000 	C:\Program Files\BlueJ\lib\javafx\bin\api-ms-win-core-handle-l1-1-0.dll
0x0000025bfb7c0000 - 0x0000025bfb7c3000 	C:\Program Files\BlueJ\lib\javafx\bin\api-ms-win-core-heap-l1-1-0.dll
0x0000025bfb7d0000 - 0x0000025bfb7d3000 	C:\Program Files\BlueJ\lib\javafx\bin\api-ms-win-core-interlocked-l1-1-0.dll
0x0000025bfb7e0000 - 0x0000025bfb7e3000 	C:\Program Files\BlueJ\lib\javafx\bin\api-ms-win-core-libraryloader-l1-1-0.dll
0x0000025bfb7f0000 - 0x0000025bfb7f3000 	C:\Program Files\BlueJ\lib\javafx\bin\api-ms-win-core-localization-l1-2-0.dll
0x0000025bfb800000 - 0x0000025bfb803000 	C:\Program Files\BlueJ\lib\javafx\bin\api-ms-win-core-memory-l1-1-0.dll
0x0000025bfb810000 - 0x0000025bfb813000 	C:\Program Files\BlueJ\lib\javafx\bin\api-ms-win-core-namedpipe-l1-1-0.dll
0x0000025bfb820000 - 0x0000025bfb823000 	C:\Program Files\BlueJ\lib\javafx\bin\api-ms-win-core-processenvironment-l1-1-0.dll
0x0000025bfb830000 - 0x0000025bfb833000 	C:\Program Files\BlueJ\lib\javafx\bin\api-ms-win-core-processthreads-l1-1-0.dll
0x0000025bfb840000 - 0x0000025bfb843000 	C:\Program Files\BlueJ\lib\javafx\bin\api-ms-win-core-processthreads-l1-1-1.dll
0x0000025bfb850000 - 0x0000025bfb853000 	C:\Program Files\BlueJ\lib\javafx\bin\api-ms-win-core-profile-l1-1-0.dll
0x0000025bfb860000 - 0x0000025bfb863000 	C:\Program Files\BlueJ\lib\javafx\bin\api-ms-win-core-rtlsupport-l1-1-0.dll
0x0000025bfb870000 - 0x0000025bfb873000 	C:\Program Files\BlueJ\lib\javafx\bin\api-ms-win-core-string-l1-1-0.dll
0x0000025bfb880000 - 0x0000025bfb883000 	C:\Program Files\BlueJ\lib\javafx\bin\api-ms-win-core-synch-l1-1-0.dll
0x0000025bfb890000 - 0x0000025bfb893000 	C:\Program Files\BlueJ\lib\javafx\bin\api-ms-win-core-synch-l1-2-0.dll
0x0000025bfb8a0000 - 0x0000025bfb8a3000 	C:\Program Files\BlueJ\lib\javafx\bin\api-ms-win-core-sysinfo-l1-1-0.dll
0x0000025bfb8b0000 - 0x0000025bfb8b3000 	C:\Program Files\BlueJ\lib\javafx\bin\api-ms-win-core-timezone-l1-1-0.dll
0x0000025bfb8c0000 - 0x0000025bfb8c3000 	C:\Program Files\BlueJ\lib\javafx\bin\api-ms-win-core-util-l1-1-0.dll
0x0000025bfb8d0000 - 0x0000025bfb8d3000 	C:\Program Files\BlueJ\lib\javafx\bin\api-ms-win-crt-conio-l1-1-0.dll
0x0000025bfb8e0000 - 0x0000025bfb8e4000 	C:\Program Files\BlueJ\lib\javafx\bin\api-ms-win-crt-convert-l1-1-0.dll
0x0000025bfb8f0000 - 0x0000025bfb8f3000 	C:\Program Files\BlueJ\lib\javafx\bin\api-ms-win-crt-environment-l1-1-0.dll
0x0000025bfb900000 - 0x0000025bfb903000 	C:\Program Files\BlueJ\lib\javafx\bin\api-ms-win-crt-filesystem-l1-1-0.dll
0x0000025bfb910000 - 0x0000025bfb913000 	C:\Program Files\BlueJ\lib\javafx\bin\api-ms-win-crt-heap-l1-1-0.dll
0x0000025bfb920000 - 0x0000025bfb923000 	C:\Program Files\BlueJ\lib\javafx\bin\api-ms-win-crt-locale-l1-1-0.dll
0x0000025bff350000 - 0x0000025bff355000 	C:\Program Files\BlueJ\lib\javafx\bin\api-ms-win-crt-math-l1-1-0.dll
0x0000025bff360000 - 0x0000025bff365000 	C:\Program Files\BlueJ\lib\javafx\bin\api-ms-win-crt-multibyte-l1-1-0.dll
0x0000025bff370000 - 0x0000025bff380000 	C:\Program Files\BlueJ\lib\javafx\bin\api-ms-win-crt-private-l1-1-0.dll
0x0000025bff380000 - 0x0000025bff383000 	C:\Program Files\BlueJ\lib\javafx\bin\api-ms-win-crt-process-l1-1-0.dll
0x0000025bff390000 - 0x0000025bff394000 	C:\Program Files\BlueJ\lib\javafx\bin\api-ms-win-crt-runtime-l1-1-0.dll
0x0000025bff3a0000 - 0x0000025bff3a4000 	C:\Program Files\BlueJ\lib\javafx\bin\api-ms-win-crt-stdio-l1-1-0.dll
0x0000025bff3b0000 - 0x0000025bff3b4000 	C:\Program Files\BlueJ\lib\javafx\bin\api-ms-win-crt-string-l1-1-0.dll
0x0000025bff3c0000 - 0x0000025bff3c3000 	C:\Program Files\BlueJ\lib\javafx\bin\api-ms-win-crt-time-l1-1-0.dll
0x0000025bff3d0000 - 0x0000025bff3d3000 	C:\Program Files\BlueJ\lib\javafx\bin\api-ms-win-crt-utility-l1-1-0.dll
0x00007ffe5b0d0000 - 0x00007ffe5b1cc000 	C:\Program Files\BlueJ\lib\javafx\bin\ucrtbase.dll

dbghelp: loaded successfully - version: 4.0.5 - missing functions: none
symbol engine: initialized successfully - sym options: 0x614 - pdb path: .;C:\Program Files\BlueJ\jdk\bin;C:\WINDOWS\SYSTEM32;C:\WINDOWS\WinSxS\amd64_microsoft.windows.common-controls_6595b64144ccf1df_6.0.22621.3527_none_270e469b73872a76;C:\Program Files\BlueJ\jdk\bin\server;C:\WINDOWS\System32\DriverStore\FileRepository\iigd_dch.inf_amd64_dc16e5f1dbf8051f;C:\Program Files\BlueJ\lib\javafx\bin

VM Arguments:
jvm_args: -ea -agentlib:jdwp=transport=dt_shmem,address=javadebug -Dfile.encoding=UTF-8 
java_command: bluej.runtime.ExecServer UTF-8
java_class_path (initial): C:\Program Files\BlueJ\lib\bluejcore.jar;C:\Program Files\BlueJ\lib\junit-jupiter-5.5.2.jar;C:\Program Files\BlueJ\lib\junit-jupiter-api-5.5.2.jar;C:\Program Files\BlueJ\lib\junit-jupiter-engine-5.5.2.jar;C:\Program Files\BlueJ\lib\junit-jupiter-migrationsupport-5.5.2.jar;C:\Program Files\BlueJ\lib\junit-jupiter-params-5.5.2.jar;C:\Program Files\BlueJ\lib\junit-platform-commons-1.5.2.jar;C:\Program Files\BlueJ\lib\junit-platform-console-1.5.2.jar;C:\Program Files\BlueJ\lib\junit-platform-console-standalone-1.5.2.jar;C:\Program Files\BlueJ\lib\junit-platform-engine-1.5.2.jar;C:\Program Files\BlueJ\lib\junit-platform-launcher-1.5.2.jar;C:\Program Files\BlueJ\lib\junit-platform-reporting-1.5.2.jar;C:\Program Files\BlueJ\lib\junit-platform-runner-1.5.2.jar;C:\Program Files\BlueJ\lib\junit-platform-suite-api-1.5.2.jar;C:\Program Files\BlueJ\lib\junit-platform-testkit-1.5.2.jar;C:\Program Files\BlueJ\lib\junit-quickcheck-core-0.9.jar;C:\Program Files\BlueJ\lib\junit-vintage-engine-5.5.2.jar;C:\Program Files\BlueJ\lib\hamcrest-core-1.3.jar;C:\Program Files\BlueJ\lib\hamcrest-library-1.3.jar;C:\Program Files\BlueJ\lib\lang-stride.jar;C:\Program Files\BlueJ\lib\javafx\lib\javafx.base.jar;C:\Program Files\BlueJ\lib\javafx\lib\javafx.controls.jar;C:\Program Files\BlueJ\lib\javafx\lib\javafx.fxml.jar;C:\Program Files\BlueJ\lib\javafx\lib\javafx.graphics.jar;C:\Program Files\BlueJ\lib\javafx\lib\javafx.media.jar;C:\Program Files\BlueJ\lib\javafx\lib\javafx.properties.jar;C:\Program Files\BlueJ\lib\javafx\lib\javafx.swing.jar;C:\Program Files\BlueJ\lib\javafx\lib\javafx.web.jar;C:\Program Files\BlueJ\lib\javafx\lib\javafx.base.jar;C:\Program Files\BlueJ\lib\javafx\lib\javafx.controls.jar;C:\Program Files\BlueJ\lib\javafx\lib\javafx.fxml.jar;C:\Program Files\BlueJ\lib\javafx\lib\javafx.graphics.jar;C:\Program Files\BlueJ\lib\javafx\lib\javafx.media.jar;C:\Program Files\BlueJ\lib\javafx\lib\javafx.properties.jar;C:\Program Files\BlueJ\lib\javafx\lib\jav
Launcher Type: SUN_STANDARD

[Global flags]
     intx CICompilerCount                          = 4                                         {product} {ergonomic}
     uint ConcGCThreads                            = 2                                         {product} {ergonomic}
     uint G1ConcRefinementThreads                  = 8                                         {product} {ergonomic}
   size_t G1HeapRegionSize                         = 2097152                                   {product} {ergonomic}
    uintx GCDrainStackTargetSize                   = 64                                        {product} {ergonomic}
   size_t InitialHeapSize                          = 268435456                                 {product} {ergonomic}
   size_t MarkStackSize                            = 4194304                                   {product} {ergonomic}
   size_t MaxHeapSize                              = 4273995776                                {product} {ergonomic}
   size_t MaxNewSize                               = 2562719744                                {product} {ergonomic}
   size_t MinHeapDeltaBytes                        = 2097152                                   {product} {ergonomic}
   size_t MinHeapSize                              = 8388608                                   {product} {ergonomic}
    uintx NonNMethodCodeHeapSize                   = 5839372                                {pd product} {ergonomic}
    uintx NonProfiledCodeHeapSize                  = 122909434                              {pd product} {ergonomic}
    uintx ProfiledCodeHeapSize                     = 122909434                              {pd product} {ergonomic}
    uintx ReservedCodeCacheSize                    = 251658240                              {pd product} {ergonomic}
     bool SegmentedCodeCache                       = true                                      {product} {ergonomic}
   size_t SoftMaxHeapSize                          = 4273995776                             {manageable} {ergonomic}
     bool UseCompressedClassPointers               = true                           {product lp64_product} {ergonomic}
     bool UseCompressedOops                        = true                           {product lp64_product} {ergonomic}
     bool UseG1GC                                  = true                                      {product} {ergonomic}
     bool UseLargePagesIndividualAllocation        = false                                  {pd product} {ergonomic}

Logging:
Log output configuration:
 #0: stdout all=warning uptime,level,tags
 #1: stderr all=off uptime,level,tags

Environment Variables:
PATH=C:\Program Files (x86)\Common Files\Oracle\Java\javapath;C:\WINDOWS\system32;C:\WINDOWS;C:\WINDOWS\System32\Wbem;C:\WINDOWS\System32\WindowsPowerShell\v1.0\;C:\WINDOWS\System32\OpenSSH\;C:\Program Files\Graphviz\bin;C:\Users\chris\flutter\flutter\bin;C:\Program Files\Android;C:\Users\chris\android_sdk;C:\Program Files (x86)\Windows Kits\10\Windows Performance Toolkit\;C:\Program Files\Git\cmd;C:\Users\chris\AppData\Local\Programs\Python\Python311\Scripts\;C:\Users\chris\AppData\Local\Programs\Python\Python311\;C:\Users\chris\AppData\Local\Microsoft\WindowsApps;C:\Users\chris\AppData\Local\GitHubDesktop\bin;C:\Users\chris\AppData\Local\Programs\Microsoft VS Code\bin
USERNAME=chris
OS=Windows_NT
PROCESSOR_IDENTIFIER=Intel64 Family 6 Model 142 Stepping 10, GenuineIntel
TMP=C:\Users\chris\AppData\Local\Temp
TEMP=C:\Users\chris\AppData\Local\Temp



---------------  S Y S T E M  ---------------

OS:
 Windows 11 , 64 bit Build 22621 (10.0.22621.3527)
OS uptime: 3 days 3:35 hours

CPU: total 8 (initial active 8) (4 cores per cpu, 2 threads per core) family 6 model 142 stepping 10 microcode 0xf0, cx8, cmov, fxsr, ht, mmx, 3dnowpref, sse, sse2, sse3, ssse3, sse4.1, sse4.2, popcnt, lzcnt, tsc, tscinvbit, avx, avx2, aes, erms, clmul, bmi1, bmi2, rtm, adx, fma, vzeroupper, clflush, clflushopt

Memory: 4k page, system-wide physical 16300M (6427M free)
TotalPageFile size 29100M (AvailPageFile size 16192M)
current process WorkingSet (physical memory assigned to process): 196M, peak: 239M
current process commit charge ("private bytes"): 403M, peak: 412M

vm_info: OpenJDK 64-Bit Server VM (17.0.4+8) for windows-amd64 JRE (17.0.4+8), built on Jul 19 2022 16:05:16 by "temurin" with MS VC++ 16.7 (VS2019)

END.
